2023-06-26 15:30:55 info: 🚀 ~ App ENV: development
2023-06-26 15:30:55 info: 🚀 ~ App PORT: 8000
2023-06-26 16:00:04 info: 🚀 ~ App ENV: development
2023-06-26 16:00:04 info: 🚀 ~ App PORT: 8000
2023-06-26 17:04:12 info: 🚀 ~ App ENV: development
2023-06-26 17:04:12 info: 🚀 ~ App PORT: 8000
2023-06-26 17:06:15 info: 🚀 ~ App ENV: development
2023-06-26 17:06:15 info: 🚀 ~ App PORT: 8000
2023-06-26 17:29:24 info: 🚀 ~ App ENV: development
2023-06-26 17:29:24 info: 🚀 ~ App PORT: 8000
2023-06-26 17:29:24 info: 🚀 ~ Error: 
2023-06-26 17:31:10 info: 🚀 ~ App ENV: development
2023-06-26 17:31:10 info: 🚀 ~ App PORT: 8000
2023-06-26 17:31:10 info: 🚀 ~ Error: 
2023-06-26 17:32:17 info: 🚀 ~ App ENV: development
2023-06-26 17:32:17 info: 🚀 ~ App PORT: 8000
2023-06-26 17:32:55 info: 🚀 ~ App ENV: development
2023-06-26 17:32:55 info: 🚀 ~ App PORT: 8000
2023-06-26 17:33:10 info: 🚀 ~ App ENV: development
2023-06-26 17:33:10 info: 🚀 ~ App PORT: 8000
2023-06-26 17:33:53 info: 🚀 ~ App ENV: development
2023-06-26 17:33:53 info: 🚀 ~ App PORT: 8000
2023-06-26 17:33:53 info: 🚀 ~ Connected to DB
2023-06-26 17:33:59 info: 🚀 ~ App ENV: development
2023-06-26 17:33:59 info: 🚀 ~ App PORT: 8000
2023-06-26 17:33:59 info: 🚀 ~ Connected to DB
2023-06-26 17:34:19 info: 🚀 ~ App ENV: development
2023-06-26 17:34:19 info: 🚀 ~ App PORT: 8000
2023-06-26 17:34:19 info: 🚀 ~ DB Connected
2023-06-26 17:34:28 info: 🚀 ~ App ENV: development
2023-06-26 17:34:28 info: 🚀 ~ App PORT: 8000
2023-06-26 17:34:28 info: 🚀 ~ App connected to DB
