2023-06-29 17:31:07 info: 🚀 ~ App ENV: development
2023-06-29 17:31:07 info: 🚀 ~ App PORT: 8000
2023-06-29 17:31:07 info: 🚀 ~ App connected to DB
2023-06-29 17:31:11 info: [0mGET /api/v1/user [32m200[0m 4.790 ms - 27[0m
2023-06-29 17:32:30 info: 🚀 ~ App ENV: development
2023-06-29 17:32:30 info: 🚀 ~ App PORT: 8000
2023-06-29 17:32:30 info: 🚀 ~ App connected to DB
2023-06-29 17:34:11 info: 🚀 ~ App ENV: development
2023-06-29 17:34:11 info: 🚀 ~ App PORT: 8000
2023-06-29 17:34:11 info: 🚀 ~ App connected to DB
2023-06-29 17:35:10 info: 🚀 ~ App ENV: development
2023-06-29 17:35:10 info: 🚀 ~ App PORT: 8000
2023-06-29 17:35:10 info: 🚀 ~ App connected to DB
2023-06-29 17:35:24 info: 🚀 ~ App ENV: development
2023-06-29 17:35:24 info: 🚀 ~ App PORT: 8000
2023-06-29 17:35:24 info: 🚀 ~ App connected to DB
2023-06-29 17:36:13 info: 🚀 ~ App ENV: development
2023-06-29 17:36:13 info: 🚀 ~ App PORT: 8000
2023-06-29 17:36:13 info: 🚀 ~ App connected to DB
2023-06-29 17:36:25 info: 🚀 ~ App ENV: development
2023-06-29 17:36:25 info: 🚀 ~ App PORT: 8000
2023-06-29 17:36:25 info: 🚀 ~ App connected to DB
2023-06-29 17:36:59 info: 🚀 ~ App ENV: development
2023-06-29 17:36:59 info: 🚀 ~ App PORT: 8000
2023-06-29 17:36:59 info: 🚀 ~ App connected to DB
2023-06-29 17:37:36 info: 🚀 ~ App ENV: development
2023-06-29 17:37:36 info: 🚀 ~ App PORT: 8000
2023-06-29 17:37:36 info: 🚀 ~ App connected to DB
2023-06-29 17:40:41 info: 🚀 ~ App ENV: development
2023-06-29 17:40:41 info: 🚀 ~ App PORT: 8000
2023-06-29 17:40:41 info: 🚀 ~ App connected to DB
2023-06-29 17:43:19 info: 🚀 ~ App ENV: development
2023-06-29 17:43:19 info: 🚀 ~ App PORT: 8000
2023-06-29 17:43:19 info: 🚀 ~ App connected to DB
2023-06-29 17:45:40 info: 🚀 ~ App ENV: development
2023-06-29 17:45:40 info: 🚀 ~ App PORT: 8000
2023-06-29 17:45:40 info: 🚀 ~ App connected to DB
2023-06-29 17:47:06 info: 🚀 ~ App ENV: development
2023-06-29 17:47:06 info: 🚀 ~ App PORT: 8000
2023-06-29 17:47:06 info: 🚀 ~ App connected to DB
2023-06-29 17:48:07 info: 🚀 ~ App ENV: development
2023-06-29 17:48:07 info: 🚀 ~ App PORT: 8000
2023-06-29 17:48:07 info: 🚀 ~ App connected to DB
2023-06-29 17:48:47 info: 🚀 ~ App ENV: development
2023-06-29 17:48:47 info: 🚀 ~ App PORT: 8000
2023-06-29 17:48:47 info: 🚀 ~ App connected to DB
2023-06-29 17:49:22 info: 🚀 ~ App ENV: development
2023-06-29 17:49:22 info: 🚀 ~ App PORT: 8000
2023-06-29 17:49:22 info: 🚀 ~ App connected to DB
2023-06-29 17:58:47 info: 🚀 ~ App ENV: development
2023-06-29 17:58:47 info: 🚀 ~ App PORT: 8000
2023-06-29 17:58:47 info: 🚀 ~ App connected to DB
2023-06-29 17:58:49 info: 🚀 ~ UserController ~ getAllUsers
2023-06-29 17:58:49 info: 🚀 ~ UserService ~ getAllUsers
2023-06-29 17:58:49 info: [0mGET /api/v1/user [32m200[0m 10.624 ms - 125[0m
2023-06-29 17:59:00 info: 🚀 ~ App ENV: development
2023-06-29 17:59:00 info: 🚀 ~ App PORT: 8000
2023-06-29 17:59:00 info: 🚀 ~ App connected to DB
2023-06-29 17:59:02 info: 🚀 ~ UserController ~ getAllUsers
2023-06-29 17:59:02 info: 🚀 ~ UserService ~ getAllUsers
2023-06-29 17:59:02 info: [0mGET /api/v1/user [32m200[0m 8.482 ms - 125[0m
2023-06-29 17:59:10 info: 🚀 ~ App ENV: development
2023-06-29 17:59:10 info: 🚀 ~ App PORT: 8000
2023-06-29 17:59:10 info: 🚀 ~ App connected to DB
2023-06-29 17:59:14 info: 🚀 ~ UserController ~ getAllUsers
2023-06-29 17:59:14 info: 🚀 ~ UserService ~ getAllUsers
2023-06-29 17:59:14 info: [0mGET /api/v1/user [32m200[0m 5.082 ms - 126[0m
2023-06-29 17:59:23 info: 🚀 ~ App ENV: development
2023-06-29 17:59:23 info: 🚀 ~ App PORT: 8000
2023-06-29 17:59:23 info: 🚀 ~ App connected to DB
2023-06-29 18:00:22 info: 🚀 ~ App ENV: development
2023-06-29 18:00:22 info: 🚀 ~ App PORT: 8000
2023-06-29 18:00:22 info: 🚀 ~ App connected to DB
2023-06-29 18:00:30 info: 🚀 ~ App ENV: development
2023-06-29 18:00:30 info: 🚀 ~ App PORT: 8000
2023-06-29 18:00:30 info: 🚀 ~ App connected to DB
2023-06-29 18:10:09 info: 🚀 ~ App ENV: development
2023-06-29 18:10:09 info: 🚀 ~ App PORT: 8000
2023-06-29 18:10:09 info: 🚀 ~ App connected to DB
2023-06-29 18:12:20 info: 🚀 ~ App ENV: development
2023-06-29 18:12:20 info: 🚀 ~ App PORT: 8000
2023-06-29 18:12:20 info: 🚀 ~ App connected to DB
2023-06-29 18:13:13 info: 🚀 ~ App ENV: development
2023-06-29 18:13:13 info: 🚀 ~ App PORT: 8000
2023-06-29 18:13:13 info: 🚀 ~ App connected to DB
2023-06-29 18:14:00 info: 🚀 ~ App ENV: development
2023-06-29 18:14:00 info: 🚀 ~ App PORT: 8000
2023-06-29 18:14:00 info: 🚀 ~ App connected to DB
2023-06-29 18:14:13 info: 🚀 ~ App ENV: development
2023-06-29 18:14:13 info: 🚀 ~ App PORT: 8000
2023-06-29 18:14:13 info: 🚀 ~ App connected to DB
2023-06-29 18:17:52 info: 🚀 ~ App ENV: development
2023-06-29 18:17:52 info: 🚀 ~ App PORT: 8000
2023-06-29 18:17:52 info: 🚀 ~ App connected to DB
2023-06-29 18:17:59 info: 🚀 ~ UserController ~ getAllUsers
2023-06-29 18:17:59 info: 🚀 ~ UserService ~ getAllUsers
2023-06-29 18:17:59 info: [0mGET /api/v1/user [32m200[0m 6.949 ms - 125[0m
2023-06-29 18:18:02 info: 🚀 ~ UserController ~ getUserById ~ 1
2023-06-29 18:18:02 info: 🚀 ~ UserService ~ getUserById ~ 1
2023-06-29 18:18:02 info: [0mGET /api/v1/user/1 [32m200[0m 2.895 ms - 126[0m
2023-06-29 18:18:16 info: 🚀 ~ App ENV: development
2023-06-29 18:18:16 info: 🚀 ~ App PORT: 8000
2023-06-29 18:18:16 info: 🚀 ~ App connected to DB
2023-06-29 18:18:22 info: 🚀 ~ App ENV: development
2023-06-29 18:18:22 info: 🚀 ~ App PORT: 8000
2023-06-29 18:18:22 info: 🚀 ~ App connected to DB
2023-06-29 18:19:02 info: 🚀 ~ App ENV: development
2023-06-29 18:19:02 info: 🚀 ~ App PORT: 8000
2023-06-29 18:19:02 info: 🚀 ~ App connected to DB
2023-06-29 18:19:08 info: 🚀 ~ UserController ~ getAllUsers
2023-06-29 18:19:08 info: 🚀 ~ UserService ~ getAllUsers
2023-06-29 18:19:08 info: [0mGET /api/v1/user [32m200[0m 6.446 ms - 125[0m
2023-06-29 18:19:18 info: 🚀 ~ UserController ~ getUserById ~ 1
2023-06-29 18:19:18 info: 🚀 ~ UserService ~ getUserById ~ 1
2023-06-29 18:19:18 info: [0mGET /api/v1/user/1 [32m200[0m 2.729 ms - 122[0m
2023-06-29 18:20:09 info: 🚀 ~ UserController ~ createUser ~ [object Object]
2023-06-29 18:20:09 info: 🚀 ~ UserService ~ createUser ~ [object Object]
2023-06-29 18:20:09 info: [0mPOST /api/v1/user [32m200[0m 21.568 ms - 121[0m
2023-06-29 18:20:36 info: 🚀 ~ UserController ~ updateUserById ~ 1 ~ [object Object]
2023-06-29 18:20:36 info: 🚀 ~ UserService ~ updateUserById ~ 1 ~ [object Object]
2023-06-29 18:20:36 info: [0mPUT /api/v1/user/1 [32m200[0m 4.324 ms - 126[0m
2023-06-29 18:20:44 info: 🚀 ~ UserController ~ deleteUserById ~ 1
2023-06-29 18:20:44 info: 🚀 ~ UserService ~ deleteUserById ~ 1
2023-06-29 18:20:44 info: [0mDELETE /api/v1/user/1 [32m200[0m 2.524 ms - 134[0m
2023-06-29 18:21:01 info: 🚀 ~ App ENV: development
2023-06-29 18:21:01 info: 🚀 ~ App PORT: 8000
2023-06-29 18:21:01 info: 🚀 ~ App connected to DB
2023-06-29 18:21:10 info: 🚀 ~ App ENV: development
2023-06-29 18:21:10 info: 🚀 ~ App PORT: 8000
2023-06-29 18:21:10 info: 🚀 ~ App connected to DB
2023-06-29 18:21:15 info: 🚀 ~ App ENV: development
2023-06-29 18:21:15 info: 🚀 ~ App PORT: 8000
2023-06-29 18:21:15 info: 🚀 ~ App connected to DB
